#
# There is insufficient memory for the Java Runtime Environment to continue.
# Native memory allocation (mmap) failed to map 5640192 bytes for committing reserved memory.
# Possible reasons:
#   The system is out of physical RAM or swap space
#   In 32 bit mode, the process size limit was hit
# Possible solutions:
#   Reduce memory load on the system
#   Increase physical memory or swap space
#   Check if swap backing store is full
#   Use 64 bit Java on a 64 bit OS
#   Decrease Java heap size (-Xmx/-Xms)
#   Decrease number of Java threads
#   Decrease Java thread stack sizes (-Xss)
#   Set larger code cache with -XX:ReservedCodeCacheSize=
# This output file may be truncated or incomplete.
#
#  Out of Memory Error (os_linux.cpp:2718), pid=5131, tid=3020780656
#
# JRE version: Java(TM) SE Runtime Environment (8.0-b132) (build 1.8.0-b132)
# Java VM: Java HotSpot(TM) Client VM (25.0-b70 mixed mode linux-arm )
# Failed to write core dump. Core dumps have been disabled. To enable core dumping, try "ulimit -c unlimited" before starting Java again
#

---------------  T H R E A D  ---------------

Current thread (0x01347358):  VMThread [stack: 0xb4058000,0xb40d8000] [id=5133]

Stack: [0xb4058000,0xb40d8000]
VM_Operation (0xb635dc74): GenCollectForAllocation, mode: safepoint, requested by thread 0x012f1d88


---------------  P R O C E S S  ---------------

Java Threads: ( => current thread )
  0x01374108 JavaThread "Service Thread" daemon [_thread_blocked, id=5138, stack(0xad6f9000,0xad749000)]
  0x0136f100 JavaThread "C1 CompilerThread0" daemon [_thread_blocked, id=5137, stack(0xad749000,0xad7c9000)]
  0x0136dd58 JavaThread "Signal Dispatcher" daemon [_thread_blocked, id=5136, stack(0xad7c9000,0xad819000)]
  0x0134c578 JavaThread "Finalizer" daemon [_thread_blocked, id=5135, stack(0xad990000,0xad9e0000)]
  0x0134b178 JavaThread "Reference Handler" daemon [_thread_blocked, id=5134, stack(0xb4008000,0xb4058000)]
  0x012f1d88 JavaThread "main" [_thread_blocked, id=5132, stack(0xb6310000,0xb6360000)]

Other Threads:
=>0x01347358 VMThread [stack: 0xb4058000,0xb40d8000] [id=5133]
  0x012facb8 WatcherThread [stack: 0xad679000,0xad6f9000] [id=5139]

VM state:at safepoint (normal execution)

VM Mutex/Monitor currently owned by a thread:  ([mutex/lock_event])
[0x012f0f80] Threads_lock - owner thread: 0x01347358
[0x012f1390] Heap_lock - owner thread: 0x012f1d88

Heap:
 def new generation   total 4096K, used 0K [0xae000000, 0xae460000, 0xb0000000)
  eden space 3712K,   0% used [0xae000000, 0xae000000, 0xae3a0000)
  from space 384K,   0% used [0xae3a0000, 0xae3a0000, 0xae400000)
  to   space 384K,   0% used [0xae400000, 0xae400000, 0xae460000)
 tenured generation   total 9192K, used 8818K [0xb0000000, 0xb08fa000, 0xb4000000)
   the space 9192K,  95% used [0xb0000000, 0xb089c940, 0xb089ca00, 0xb08fa000)
 Metaspace       used 5155K, capacity 5188K, committed 5272K, reserved 5424K

Card table byte_map: [0xb41a3000,0xb41d4000] byte_map_base: 0xb3c33000

Polling page: 0xb6f37000

CodeCache: size=32768Kb used=1830Kb max_used=1830Kb free=30937Kb
 bounds [0xb4254000, 0xb4424000, 0xb6254000]
 total_blobs=981 nmethods=830 adapters=81
 compilation: enabled

Compilation events (10 events):
Event: 48.140 Thread 0x0136f100 nmethod 840 0xb441af88 code [0xb441b080, 0xb441b160]
Event: 48.195 Thread 0x0136f100  841             com.sun.tools.javac.comp.Resolve$MethodResolutionPhase::mergeResults (2 bytes)
Event: 48.196 Thread 0x0136f100 nmethod 841 0xb441b1c8 code [0xb441b2a0, 0xb441b328]
Event: 48.229 Thread 0x0136f100  842             com.sun.tools.javac.code.Symbol$MethodSymbol::implementation (11 bytes)
Event: 48.231 Thread 0x0136f100 nmethod 842 0xb441b388 code [0xb441b470, 0xb441b514]
Event: 48.242 Thread 0x0136f100  843             com.sun.tools.javac.comp.Resolve$BasicLookupHelper::lookup (38 bytes)
Event: 48.245 Thread 0x0136f100 nmethod 843 0xb441b588 code [0xb441b690, 0xb441b7bc]
Event: 48.256 Thread 0x0136f100  844             com.sun.tools.javac.comp.Resolve$BasicLookupHelper::debug (26 bytes)
Event: 48.259 Thread 0x0136f100 nmethod 844 0xb441b8c8 code [0xb441b9b0, 0xb441ba74]
Event: 48.259 Thread 0x0136f100  845             com.sun.tools.javac.comp.Resolve::reportVerboseResolutionDiagnostic (479 bytes)

GC Heap History (10 events):
Event: 27.682 GC heap after
Heap after GC invocations=10 (full 1):
 def new generation   total 4096K, used 383K [0xae000000, 0xae460000, 0xb0000000)
  eden space 3712K,   0% used [0xae000000, 0xae000000, 0xae3a0000)
  from space 384K,  99% used [0xae400000, 0xae45fff8, 0xae460000)
  to   space 384K,   0% used [0xae3a0000, 0xae3a0000, 0xae400000)
 tenured generation   total 8808K, used 5615K [0xb0000000, 0xb089a000, 0xb4000000)
   the space 8808K,  63% used [0xb0000000, 0xb057bf18, 0xb057c000, 0xb089a000)
 Metaspace       used 4473K, capacity 4516K, committed 4632K, reserved 5424K
}
Event: 31.638 GC heap before
{Heap before GC invocations=10 (full 1):
 def new generation   total 4096K, used 4095K [0xae000000, 0xae460000, 0xb0000000)
  eden space 3712K, 100% used [0xae000000, 0xae3a0000, 0xae3a0000)
  from space 384K,  99% used [0xae400000, 0xae45fff8, 0xae460000)
  to   space 384K,   0% used [0xae3a0000, 0xae3a0000, 0xae400000)
 tenured generation   total 8808K, used 5615K [0xb0000000, 0xb089a000, 0xb4000000)
   the space 8808K,  63% used [0xb0000000, 0xb057bf18, 0xb057c000, 0xb089a000)
 Metaspace       used 4517K, capacity 4548K, committed 4632K, reserved 5424K
Event: 31.803 GC heap after
Heap after GC invocations=11 (full 1):
 def new generation   total 4096K, used 384K [0xae000000, 0xae460000, 0xb0000000)
  eden space 3712K,   0% used [0xae000000, 0xae000000, 0xae3a0000)
  from space 384K, 100% used [0xae3a0000, 0xae400000, 0xae400000)
  to   space 384K,   0% used [0xae400000, 0xae400000, 0xae460000)
 tenured generation   total 8808K, used 6790K [0xb0000000, 0xb089a000, 0xb4000000)
   the space 8808K,  77% used [0xb0000000, 0xb06a1a58, 0xb06a1c00, 0xb089a000)
 Metaspace       used 4517K, capacity 4548K, committed 4632K, reserved 5424K
}
Event: 37.169 GC heap before
{Heap before GC invocations=11 (full 1):
 def new generation   total 4096K, used 4096K [0xae000000, 0xae460000, 0xb0000000)
  eden space 3712K, 100% used [0xae000000, 0xae3a0000, 0xae3a0000)
  from space 384K, 100% used [0xae3a0000, 0xae400000, 0xae400000)
  to   space 384K,   0% used [0xae400000, 0xae400000, 0xae460000)
 tenured generation   total 8808K, used 6790K [0xb0000000, 0xb089a000, 0xb4000000)
   the space 8808K,  77% used [0xb0000000, 0xb06a1a58, 0xb06a1c00, 0xb089a000)
 Metaspace       used 4897K, capacity 4932K, committed 5016K, reserved 5424K
Event: 37.363 GC heap after
Heap after GC invocations=12 (full 1):
 def new generation   total 4096K, used 384K [0xae000000, 0xae460000, 0xb0000000)
  eden space 3712K,   0% used [0xae000000, 0xae000000, 0xae3a0000)
  from space 384K, 100% used [0xae400000, 0xae460000, 0xae460000)
  to   space 384K,   0% used [0xae3a0000, 0xae3a0000, 0xae400000)
 tenured generation   total 8808K, used 7657K [0xb0000000, 0xb089a000, 0xb4000000)
   the space 8808K,  86% used [0xb0000000, 0xb077a440, 0xb077a600, 0xb089a000)
 Metaspace       used 4897K, capacity 4932K, committed 5016K, reserved 5424K
}
Event: 43.447 GC heap before
{Heap before GC invocations=12 (full 1):
 def new generation   total 4096K, used 4096K [0xae000000, 0xae460000, 0xb0000000)
  eden space 3712K, 100% used [0xae000000, 0xae3a0000, 0xae3a0000)
  from space 384K, 100% used [0xae400000, 0xae460000, 0xae460000)
  to   space 384K,   0% used [0xae3a0000, 0xae3a0000, 0xae400000)
 tenured generation   total 8808K, used 7657K [0xb0000000, 0xb089a000, 0xb4000000)
   the space 8808K,  86% used [0xb0000000, 0xb077a440, 0xb077a600, 0xb089a000)
 Metaspace       used 5107K, capacity 5156K, committed 5272K, reserved 5424K
Event: 43.581 GC heap after
Heap after GC invocations=13 (full 1):
 def new generation   total 4096K, used 212K [0xae000000, 0xae460000, 0xb0000000)
  eden space 3712K,   0% used [0xae000000, 0xae000000, 0xae3a0000)
  from space 384K,  55% used [0xae3a0000, 0xae3d53c0, 0xae400000)
  to   space 384K,   0% used [0xae400000, 0xae400000, 0xae460000)
 tenured generation   total 8808K, used 8037K [0xb0000000, 0xb089a000, 0xb4000000)
   the space 8808K,  91% used [0xb0000000, 0xb07d9440, 0xb07d9600, 0xb089a000)
 Metaspace       used 5107K, capacity 5156K, committed 5272K, reserved 5424K
}
Event: 45.776 GC heap before
{Heap before GC invocations=13 (full 1):
 def new generation   total 4096K, used 3924K [0xae000000, 0xae460000, 0xb0000000)
  eden space 3712K, 100% used [0xae000000, 0xae3a0000, 0xae3a0000)
  from space 384K,  55% used [0xae3a0000, 0xae3d53c0, 0xae400000)
  to   space 384K,   0% used [0xae400000, 0xae400000, 0xae460000)
 tenured generation   total 8808K, used 8037K [0xb0000000, 0xb089a000, 0xb4000000)
   the space 8808K,  91% used [0xb0000000, 0xb07d9440, 0xb07d9600, 0xb089a000)
 Metaspace       used 5151K, capacity 5188K, committed 5272K, reserved 5424K
Event: 45.881 GC heap after
Heap after GC invocations=14 (full 1):
 def new generation   total 4096K, used 384K [0xae000000, 0xae460000, 0xb0000000)
  eden space 3712K,   0% used [0xae000000, 0xae000000, 0xae3a0000)
  from space 384K, 100% used [0xae400000, 0xae460000, 0xae460000)
  to   space 384K,   0% used [0xae3a0000, 0xae3a0000, 0xae400000)
 tenured generation   total 8808K, used 8784K [0xb0000000, 0xb089a000, 0xb4000000)
   the space 8808K,  99% used [0xb0000000, 0xb0894228, 0xb0894400, 0xb089a000)
 Metaspace       used 5151K, capacity 5188K, committed 5272K, reserved 5424K
}
Event: 48.338 GC heap before
{Heap before GC invocations=14 (full 1):
 def new generation   total 4096K, used 4096K [0xae000000, 0xae460000, 0xb0000000)
  eden space 3712K, 100% used [0xae000000, 0xae3a0000, 0xae3a0000)
  from space 384K, 100% used [0xae400000, 0xae460000, 0xae460000)
  to   space 384K,   0% used [0xae3a0000, 0xae3a0000, 0xae400000)
 tenured generation   total 8808K, used 8784K [0xb0000000, 0xb089a000, 0xb4000000)
   the space 8808K,  99% used [0xb0000000, 0xb0894228, 0xb0894400, 0xb089a000)
 Metaspace       used 5155K, capacity 5188K, committed 5272K, reserved 5424K

Deoptimization events (0 events):
No events

Internal exceptions (10 events):
Event: 44.460 Thread 0x012f1d88 Exception <a 'java/security/PrivilegedActionException'> (0xae1747e8) thrown at [/HUDSON/workspace/8-2-build-glinux-arm-vfp-hflt/jdk8/2238/hotspot/src/share/vm/prims/jvm.cpp, line 1248]
Event: 44.469 Thread 0x012f1d88 Exception <a 'java/security/PrivilegedActionException'> (0xae177ef8) thrown at [/HUDSON/workspace/8-2-build-glinux-arm-vfp-hflt/jdk8/2238/hotspot/src/share/vm/prims/jvm.cpp, line 1248]
Event: 44.478 Thread 0x012f1d88 Exception <a 'java/security/PrivilegedActionException'> (0xae17ad88) thrown at [/HUDSON/workspace/8-2-build-glinux-arm-vfp-hflt/jdk8/2238/hotspot/src/share/vm/prims/jvm.cpp, line 1248]
Event: 44.489 Thread 0x012f1d88 Exception <a 'java/security/PrivilegedActionException'> (0xae17e1c8) thrown at [/HUDSON/workspace/8-2-build-glinux-arm-vfp-hflt/jdk8/2238/hotspot/src/share/vm/prims/jvm.cpp, line 1248]
Event: 44.505 Thread 0x012f1d88 Exception <a 'java/security/PrivilegedActionException'> (0xae1859c0) thrown at [/HUDSON/workspace/8-2-build-glinux-arm-vfp-hflt/jdk8/2238/hotspot/src/share/vm/prims/jvm.cpp, line 1248]
Event: 44.506 Thread 0x012f1d88 Exception <a 'java/security/PrivilegedActionException'> (0xae186580) thrown at [/HUDSON/workspace/8-2-build-glinux-arm-vfp-hflt/jdk8/2238/hotspot/src/share/vm/prims/jvm.cpp, line 1248]
Event: 44.508 Thread 0x012f1d88 Exception <a 'java/security/PrivilegedActionException'> (0xae187d58) thrown at [/HUDSON/workspace/8-2-build-glinux-arm-vfp-hflt/jdk8/2238/hotspot/src/share/vm/prims/jvm.cpp, line 1248]
Event: 44.509 Thread 0x012f1d88 Exception <a 'java/security/PrivilegedActionException'> (0xae188948) thrown at [/HUDSON/workspace/8-2-build-glinux-arm-vfp-hflt/jdk8/2238/hotspot/src/share/vm/prims/jvm.cpp, line 1248]
Event: 44.574 Thread 0x012f1d88 Exception <a 'java/security/PrivilegedActionException'> (0xae1b5260) thrown at [/HUDSON/workspace/8-2-build-glinux-arm-vfp-hflt/jdk8/2238/hotspot/src/share/vm/prims/jvm.cpp, line 1248]
Event: 46.783 Thread 0x012f1d88 Exception <a 'java/security/PrivilegedActionException'> (0xae154068) thrown at [/HUDSON/workspace/8-2-build-glinux-arm-vfp-hflt/jdk8/2238/hotspot/src/share/vm/prims/jvm.cpp, line 1248]

Events (10 events):
Event: 44.585 loading class java/text/Format$Field
Event: 44.586 loading class java/text/AttributedCharacterIterator$Attribute
Event: 44.601 loading class java/text/AttributedCharacterIterator$Attribute done
Event: 44.602 loading class java/text/Format$Field done
Event: 44.602 loading class java/text/MessageFormat$Field done
Event: 45.773 Executing VM operation: GenCollectForAllocation
Event: 45.882 Executing VM operation: GenCollectForAllocation done
Event: 46.782 loading class com/sun/tools/javac/jvm/ClassReader$AnnotationDefaultCompleter
Event: 46.782 loading class com/sun/tools/javac/jvm/ClassReader$AnnotationDefaultCompleter done
Event: 48.336 Executing VM operation: GenCollectForAllocation


Dynamic libraries:
00008000-00009000 r-xp 00000000 b3:06 135229     /usr/lib/jvm/jdk-8-oracle-arm-vfp-hflt/bin/javac
00010000-00011000 rw-p 00000000 b3:06 135229     /usr/lib/jvm/jdk-8-oracle-arm-vfp-hflt/bin/javac
012eb000-01602000 rw-p 00000000 00:00 0          [heap]
ad100000-ad1c1000 rw-p 00000000 00:00 0 
ad1c1000-ad200000 ---p 00000000 00:00 0 
ad300000-ad3e0000 rw-p 00000000 00:00 0 
ad3e0000-ad400000 ---p 00000000 00:00 0 
ad400000-ad500000 rw-p 00000000 00:00 0 
ad554000-ad55e000 r--s 00116000 b3:06 135349     /usr/lib/jvm/jdk-8-oracle-arm-vfp-hflt/jre/lib/ext/localedata.jar
ad55e000-ad57a000 r--s 00393000 b3:06 135351     /usr/lib/jvm/jdk-8-oracle-arm-vfp-hflt/jre/lib/ext/cldrdata.jar
ad57a000-ad5f1000 r--s 010d0000 b3:06 135262     /usr/lib/jvm/jdk-8-oracle-arm-vfp-hflt/lib/tools.jar
ad5f1000-ad623000 r--s 0023c000 b3:06 135344     /usr/lib/jvm/jdk-8-oracle-arm-vfp-hflt/jre/lib/ext/jfxrt-controls.jar
ad623000-ad679000 r--s 00408000 b3:06 135345     /usr/lib/jvm/jdk-8-oracle-arm-vfp-hflt/jre/lib/ext/jfxrt-graphics.jar
ad679000-ad67a000 ---p 00000000 00:00 0 
ad67a000-ad6f9000 rw-p 00000000 00:00 0          [stack:5139]
ad6f9000-ad6fc000 ---p 00000000 00:00 0 
ad6fc000-ad749000 rw-p 00000000 00:00 0          [stack:5138]
ad749000-ad74c000 ---p 00000000 00:00 0 
ad74c000-ad7c9000 rw-p 00000000 00:00 0          [stack:5137]
ad7c9000-ad7cc000 ---p 00000000 00:00 0 
ad7cc000-ad819000 rw-p 00000000 00:00 0          [stack:5136]
ad819000-ad990000 r--p 00000000 b3:06 7948       /usr/lib/locale/locale-archive
ad990000-ad993000 ---p 00000000 00:00 0 
ad993000-ad9e0000 rw-p 00000000 00:00 0          [stack:5135]
ad9e0000-adbb4000 r--s 03c85000 b3:06 135301     /usr/lib/jvm/jdk-8-oracle-arm-vfp-hflt/jre/lib/rt.jar
adbb4000-adffa000 rw-p 00000000 00:00 0 
adffa000-ae000000 ---p 00000000 00:00 0 
ae000000-ae460000 rw-p 00000000 00:00 0 
ae460000-b0000000 ---p 00000000 00:00 0 
b0000000-b08fa000 rw-p 00000000 00:00 0 
b0e5b000-b4000000 ---p 00000000 00:00 0 
b4008000-b400b000 ---p 00000000 00:00 0 
b400b000-b4058000 rw-p 00000000 00:00 0          [stack:5134]
b4058000-b4059000 ---p 00000000 00:00 0 
b4059000-b4187000 rw-p 00000000 00:00 0          [stack:5133]
b4187000-b41a3000 ---p 00000000 00:00 0 
b41a3000-b41a6000 rw-p 00000000 00:00 0 
b41a6000-b41b3000 ---p 00000000 00:00 0 
b41b3000-b41b8000 rw-p 00000000 00:00 0 
b41b8000-b41d3000 ---p 00000000 00:00 0 
b41d3000-b41dc000 rw-p 00000000 00:00 0 
b41dc000-b4254000 ---p 00000000 00:00 0 
b4254000-b4424000 rwxp 00000000 00:00 0 
b4424000-b6254000 ---p 00000000 00:00 0 
b6254000-b626b000 r-xp 00000000 b3:06 135419     /usr/lib/jvm/jdk-8-oracle-arm-vfp-hflt/jre/lib/arm/libzip.so
b626b000-b6272000 ---p 00017000 b3:06 135419     /usr/lib/jvm/jdk-8-oracle-arm-vfp-hflt/jre/lib/arm/libzip.so
b6272000-b6273000 rw-p 00016000 b3:06 135419     /usr/lib/jvm/jdk-8-oracle-arm-vfp-hflt/jre/lib/arm/libzip.so
b6273000-b627d000 r-xp 00000000 b3:06 260733     /lib/arm-linux-gnueabihf/libnss_files-2.13.so
b627d000-b6284000 ---p 0000a000 b3:06 260733     /lib/arm-linux-gnueabihf/libnss_files-2.13.so
b6284000-b6285000 r--p 00009000 b3:06 260733     /lib/arm-linux-gnueabihf/libnss_files-2.13.so
b6285000-b6286000 rw-p 0000a000 b3:06 260733     /lib/arm-linux-gnueabihf/libnss_files-2.13.so
b6286000-b628f000 r-xp 00000000 b3:06 260707     /lib/arm-linux-gnueabihf/libnss_nis-2.13.so
b628f000-b6296000 ---p 00009000 b3:06 260707     /lib/arm-linux-gnueabihf/libnss_nis-2.13.so
b6296000-b6297000 r--p 00008000 b3:06 260707     /lib/arm-linux-gnueabihf/libnss_nis-2.13.so
b6297000-b6298000 rw-p 00009000 b3:06 260707     /lib/arm-linux-gnueabihf/libnss_nis-2.13.so
b6298000-b62a9000 r-xp 00000000 b3:06 260741     /lib/arm-linux-gnueabihf/libnsl-2.13.so
b62a9000-b62b0000 ---p 00011000 b3:06 260741     /lib/arm-linux-gnueabihf/libnsl-2.13.so
b62b0000-b62b1000 r--p 00010000 b3:06 260741     /lib/arm-linux-gnueabihf/libnsl-2.13.so
b62b1000-b62b2000 rw-p 00011000 b3:06 260741     /lib/arm-linux-gnueabihf/libnsl-2.13.so
b62b2000-b62b4000 rw-p 00000000 00:00 0 
b62b4000-b62ba000 r-xp 00000000 b3:06 260822     /lib/arm-linux-gnueabihf/libnss_compat-2.13.so
b62ba000-b62c1000 ---p 00006000 b3:06 260822     /lib/arm-linux-gnueabihf/libnss_compat-2.13.so
b62c1000-b62c2000 r--p 00005000 b3:06 260822     /lib/arm-linux-gnueabihf/libnss_compat-2.13.so
b62c2000-b62c3000 rw-p 00006000 b3:06 260822     /lib/arm-linux-gnueabihf/libnss_compat-2.13.so
b62c3000-b62e6000 r-xp 00000000 b3:06 135413     /usr/lib/jvm/jdk-8-oracle-arm-vfp-hflt/jre/lib/arm/libjava.so
b62e6000-b62ee000 ---p 00023000 b3:06 135413     /usr/lib/jvm/jdk-8-oracle-arm-vfp-hflt/jre/lib/arm/libjava.so
b62ee000-b62ef000 rw-p 00023000 b3:06 135413     /usr/lib/jvm/jdk-8-oracle-arm-vfp-hflt/jre/lib/arm/libjava.so
b62ef000-b62f8000 r-xp 00000000 b3:06 135401     /usr/lib/jvm/jdk-8-oracle-arm-vfp-hflt/jre/lib/arm/libverify.so
b62f8000-b6300000 ---p 00009000 b3:06 135401     /usr/lib/jvm/jdk-8-oracle-arm-vfp-hflt/jre/lib/arm/libverify.so
b6300000-b6301000 rw-p 00009000 b3:06 135401     /usr/lib/jvm/jdk-8-oracle-arm-vfp-hflt/jre/lib/arm/libverify.so
b6301000-b6307000 r-xp 00000000 b3:06 260631     /lib/arm-linux-gnueabihf/librt-2.13.so
b6307000-b630e000 ---p 00006000 b3:06 260631     /lib/arm-linux-gnueabihf/librt-2.13.so
b630e000-b630f000 r--p 00005000 b3:06 260631     /lib/arm-linux-gnueabihf/librt-2.13.so
b630f000-b6310000 rw-p 00006000 b3:06 260631     /lib/arm-linux-gnueabihf/librt-2.13.so
b6310000-b6313000 ---p 00000000 00:00 0 
b6313000-b6360000 rw-p 00000000 00:00 0          [stack:5132]
b6360000-b63c8000 r-xp 00000000 b3:06 260686     /lib/arm-linux-gnueabihf/libm-2.13.so
b63c8000-b63cf000 ---p 00068000 b3:06 260686     /lib/arm-linux-gnueabihf/libm-2.13.so
b63cf000-b63d0000 r--p 00067000 b3:06 260686     /lib/arm-linux-gnueabihf/libm-2.13.so
b63d0000-b63d1000 rw-p 00068000 b3:06 260686     /lib/arm-linux-gnueabihf/libm-2.13.so
b63d1000-b690d000 r-xp 00000000 b3:06 135429     /usr/lib/jvm/jdk-8-oracle-arm-vfp-hflt/jre/lib/arm/client/libjvm.so
b690d000-b6914000 ---p 0053c000 b3:06 135429     /usr/lib/jvm/jdk-8-oracle-arm-vfp-hflt/jre/lib/arm/client/libjvm.so
b6914000-b693e000 rw-p 0053b000 b3:06 135429     /usr/lib/jvm/jdk-8-oracle-arm-vfp-hflt/jre/lib/arm/client/libjvm.so
b693e000-b6d5f000 rw-p 00000000 00:00 0 
b6d5f000-b6d7f000 r-xp 00000000 b3:06 260637     /lib/arm-linux-gnueabihf/libgcc_s.so.1
b6d7f000-b6d86000 ---p 00020000 b3:06 260637     /lib/arm-linux-gnueabihf/libgcc_s.so.1
b6d86000-b6d87000 rw-p 0001f000 b3:06 260637     /lib/arm-linux-gnueabihf/libgcc_s.so.1
b6d87000-b6eaa000 r-xp 00000000 b3:06 260644     /lib/arm-linux-gnueabihf/libc-2.13.so
b6eaa000-b6eb1000 ---p 00123000 b3:06 260644     /lib/arm-linux-gnueabihf/libc-2.13.so
b6eb1000-b6eb3000 r--p 00122000 b3:06 260644     /lib/arm-linux-gnueabihf/libc-2.13.so
b6eb3000-b6eb4000 rw-p 00124000 b3:06 260644     /lib/arm-linux-gnueabihf/libc-2.13.so
b6eb4000-b6eb7000 rw-p 00000000 00:00 0 
b6eb7000-b6eb9000 r-xp 00000000 b3:06 260677     /lib/arm-linux-gnueabihf/libdl-2.13.so
b6eb9000-b6ec0000 ---p 00002000 b3:06 260677     /lib/arm-linux-gnueabihf/libdl-2.13.so
b6ec0000-b6ec1000 r--p 00001000 b3:06 260677     /lib/arm-linux-gnueabihf/libdl-2.13.so
b6ec1000-b6ec2000 rw-p 00002000 b3:06 260677     /lib/arm-linux-gnueabihf/libdl-2.13.so
b6ec2000-b6ed6000 r-xp 00000000 b3:06 135268     /usr/lib/jvm/jdk-8-oracle-arm-vfp-hflt/lib/arm/jli/libjli.so
b6ed6000-b6edd000 ---p 00014000 b3:06 135268     /usr/lib/jvm/jdk-8-oracle-arm-vfp-hflt/lib/arm/jli/libjli.so
b6edd000-b6ede000 rw-p 00013000 b3:06 135268     /usr/lib/jvm/jdk-8-oracle-arm-vfp-hflt/lib/arm/jli/libjli.so
b6ede000-b6ef2000 r-xp 00000000 b3:06 260671     /lib/arm-linux-gnueabihf/libpthread-2.13.so
b6ef2000-b6ef9000 ---p 00014000 b3:06 260671     /lib/arm-linux-gnueabihf/libpthread-2.13.so
b6ef9000-b6efa000 r--p 00013000 b3:06 260671     /lib/arm-linux-gnueabihf/libpthread-2.13.so
b6efa000-b6efb000 rw-p 00014000 b3:06 260671     /lib/arm-linux-gnueabihf/libpthread-2.13.so
b6efb000-b6efd000 rw-p 00000000 00:00 0 
b6f01000-b6f05000 r--s 0006c000 b3:06 784427     /home/pi/javaclasses/OneWireViewer-Linux/onewireapi_java/OneWireAPI.jar
b6f05000-b6f0d000 rw-s 00000000 b3:06 682222     /tmp/hsperfdata_pi/5131
b6f0d000-b6f0f000 r-xp 00000000 b3:06 2997       /usr/lib/arm-linux-gnueabihf/libcofi_rpi.so
b6f0f000-b6f16000 ---p 00002000 b3:06 2997       /usr/lib/arm-linux-gnueabihf/libcofi_rpi.so
b6f16000-b6f17000 rw-p 00001000 b3:06 2997       /usr/lib/arm-linux-gnueabihf/libcofi_rpi.so
b6f17000-b6f34000 r-xp 00000000 b3:06 260810     /lib/arm-linux-gnueabihf/ld-2.13.so
b6f34000-b6f35000 r--p 00000000 b3:06 398707     /usr/share/locale/en_GB/LC_MESSAGES/libc.mo
b6f35000-b6f37000 r--s 0000d000 b3:06 680012     /home/pi/javaclasses/RXTXcomm.jar
b6f37000-b6f38000 ---p 00000000 00:00 0 
b6f38000-b6f3c000 rw-p 00000000 00:00 0 
b6f3c000-b6f3d000 r--p 0001d000 b3:06 260810     /lib/arm-linux-gnueabihf/ld-2.13.so
b6f3d000-b6f3e000 rw-p 0001e000 b3:06 260810     /lib/arm-linux-gnueabihf/ld-2.13.so
be8bf000-be8e0000 rw-p 00000000 00:00 0          [stack]
bea0d000-bea0e000 r-xp 00000000 00:00 0          [sigpage]
ffff0000-ffff1000 r-xp 00000000 00:00 0          [vectors]

VM Arguments:
jvm_args: -Denv.class.path=.:/home/pi/javaclasses:/home/pi/javaclasses/OneWireViewer-Linux/onewireapi_java/OneWireAPI.jar:/home/pi/javaclasses/RXTXcomm.jar:/home/pi/javaclasses/myclasses:/home/pi/javaclasses/rosas:/home/pi/javaclasses/mysql-connector-java-5.1.39 -Dapplication.home=/usr/lib/jvm/jdk-8-oracle-arm-vfp-hflt -Xms8m 
java_command: com.sun.tools.javac.Main TestWeatherStation.java
java_class_path (initial): /usr/lib/jvm/jdk-8-oracle-arm-vfp-hflt/lib/tools.jar:/usr/lib/jvm/jdk-8-oracle-arm-vfp-hflt/classes
Launcher Type: SUN_STANDARD

Environment Variables:
CLASSPATH=.:/home/pi/javaclasses:/home/pi/javaclasses/OneWireViewer-Linux/onewireapi_java/OneWireAPI.jar:/home/pi/javaclasses/RXTXcomm.jar:/home/pi/javaclasses/myclasses:/home/pi/javaclasses/rosas:/home/pi/javaclasses/mysql-connector-java-5.1.39
PATH=/home/pi/bin:.:/home/pi/bin:/usr/local/sbin:/usr/local/bin:/usr/sbin:/usr/bin:/sbin:/bin:/usr/local/games:/usr/games
SHELL=/bin/bash

Signal Handlers:
SIGSEGV: [libjvm.so+0x4c7b40], sa_mask[0]=0x7ffbfeff, sa_flags=0x10000004
SIGBUS: [libjvm.so+0x4c7b40], sa_mask[0]=0x7ffbfeff, sa_flags=0x10000004
SIGFPE: [libjvm.so+0x3cc1ac], sa_mask[0]=0x7ffbfeff, sa_flags=0x10000004
SIGPIPE: [libjvm.so+0x3cc1ac], sa_mask[0]=0x7ffbfeff, sa_flags=0x10000004
SIGXFSZ: [libjvm.so+0x3cc1ac], sa_mask[0]=0x7ffbfeff, sa_flags=0x10000004
SIGILL: [libjvm.so+0x3cc1ac], sa_mask[0]=0x7ffbfeff, sa_flags=0x10000004
SIGUSR1: SIG_DFL, sa_mask[0]=0x00000000, sa_flags=0x00000000
SIGUSR2: [libjvm.so+0x3cc2dc], sa_mask[0]=0x00000000, sa_flags=0x10000004
SIGHUP: [libjvm.so+0x3cc710], sa_mask[0]=0x7ffbfeff, sa_flags=0x10000004
SIGINT: [libjvm.so+0x3cc710], sa_mask[0]=0x7ffbfeff, sa_flags=0x10000004
SIGTERM: [libjvm.so+0x3cc710], sa_mask[0]=0x7ffbfeff, sa_flags=0x10000004
SIGQUIT: [libjvm.so+0x3cc710], sa_mask[0]=0x7ffbfeff, sa_flags=0x10000004


---------------  S Y S T E M  ---------------

OS:PRETTY_NAME="Raspbian GNU/Linux 7 (wheezy)"
NAME="Raspbian GNU/Linux"
VERSION_ID="7"
VERSION="7 (wheezy)"
ID=raspbian
ID_LIKE=debian
ANSI_COLOR="1;31"
HOME_URL="http://www.raspbian.org/"
SUPPORT_URL="http://www.raspbian.org/RaspbianForums"
BUG_REPORT_URL="http://www.raspbian.org/RaspbianBugs"

uname:Linux 4.1.6+ #810 PREEMPT Tue Aug 18 15:19:58 BST 2015 armv6l
libc:glibc 2.13 NPTL 2.13 
rlimit: STACK 8192k, CORE 0k, NPROC 2902, NOFILE 4096, AS infinity
load average:0.85 0.28 0.18

/proc/meminfo:
MemTotal:         380088 kB
MemFree:           12088 kB
MemAvailable:       6328 kB
Buffers:             240 kB
Cached:             4992 kB
SwapCached:         1684 kB
Active:           171828 kB
Inactive:         172348 kB
Active(anon):     169428 kB
Inactive(anon):   169572 kB
Active(file):       2400 kB
Inactive(file):     2776 kB
Unevictable:           0 kB
Mlocked:               0 kB
SwapTotal:        102396 kB
SwapFree:           3060 kB
Dirty:               172 kB
Writeback:             0 kB
AnonPages:        337280 kB
Mapped:             4308 kB
Shmem:                48 kB
Slab:               9056 kB
SReclaimable:       3784 kB
SUnreclaim:         5272 kB
KernelStack:        2320 kB
PageTables:         3072 kB
NFS_Unstable:          0 kB
Bounce:                0 kB
WritebackTmp:          0 kB
CommitLimit:      292440 kB
Committed_AS:     934896 kB
VmallocTotal:     630784 kB
VmallocUsed:        1308 kB
VmallocChunk:     386928 kB
CmaTotal:           8192 kB
CmaFree:             164 kB


CPU:total 1 (ARMv6), vfp

/proc/cpuinfo:
processor	: 0
model name	: ARMv6-compatible processor rev 7 (v6l)
BogoMIPS	: 2.00
Features	: half thumb fastmult vfp edsp java tls 
CPU implementer	: 0x41
CPU architecture: 7
CPU variant	: 0x0
CPU part	: 0xb76
CPU revision	: 7

Hardware	: BCM2708
Revision	: 000e
Serial		: 00000000627d055e


Memory: 4k page, physical 380088k(12088k free), swap 102396k(3060k free)

vm_info: Java HotSpot(TM) Client VM (25.0-b70) for linux-arm-vfp-hflt JRE (1.8.0-b132), built on Mar  4 2014 06:39:31 by "java_re" with gcc 4.7.2 20120910 (prerelease)

time: Sun Sep 18 09:36:15 2016
elapsed time: 49 seconds

