This is pdfTeX, Version 3.1415926-2.3-1.40.12 (MiKTeX 2.9) (preloaded format=pdflatex 2013.5.27)  28 JUN 2015 07:45
entering extended mode
**Z:/Designs/UseCaseWriteUps/Use_Case_I3_Scenario4.tex
(Z:/Designs/UseCaseWriteUps/Use_Case_I3_Scenario4.tex
LaTeX2e <2011/06/27>
Babel <v3.8m> and hyphenation patterns for english, afrikaans, ancientgreek, ar
abic, armenian, assamese, basque, bengali, bokmal, bulgarian, catalan, coptic, 
croatian, czech, danish, dutch, esperanto, estonian, farsi, finnish, french, ga
lician, german, german-x-2009-06-19, greek, gujarati, hindi, hungarian, iceland
ic, indonesian, interlingua, irish, italian, kannada, kurmanji, latin, latvian,
 lithuanian, malayalam, marathi, mongolian, mongolianlmc, monogreek, ngerman, n
german-x-2009-06-19, nynorsk, oriya, panjabi, pinyin, polish, portuguese, roman
ian, russian, sanskrit, serbian, slovak, slovenian, spanish, swedish, swissgerm
an, tamil, telugu, turkish, turkmen, ukenglish, ukrainian, uppersorbian, usengl
ishmax, welsh, loaded.
("C:\Program Files\MiKTeX 2.9\tex\latex\base\article.cls"
Document Class: article 2007/10/19 v1.4h Standard LaTeX document class
("C:\Program Files\MiKTeX 2.9\tex\latex\base\size10.clo"
File: size10.clo 2007/10/19 v1.4h Standard LaTeX file (size option)
)
\c@part=\count79
\c@section=\count80
\c@subsection=\count81
\c@subsubsection=\count82
\c@paragraph=\count83
\c@subparagraph=\count84
\c@figure=\count85
\c@table=\count86
\abovecaptionskip=\skip41
\belowcaptionskip=\skip42
\bibindent=\dimen102
)
("C:\Program Files\MiKTeX 2.9\tex\latex\base\latexsym.sty"
Package: latexsym 1998/08/17 v2.2e Standard LaTeX package (lasy symbols)
\symlasy=\mathgroup4
LaTeX Font Info:    Overwriting symbol font `lasy' in version `bold'
(Font)                  U/lasy/m/n --> U/lasy/b/n on input line 47.
)
("C:\Program Files\MiKTeX 2.9\tex\latex\ams\math\amsbsy.sty"
Package: amsbsy 1999/11/29 v1.2d

("C:\Program Files\MiKTeX 2.9\tex\latex\ams\math\amsgen.sty"
File: amsgen.sty 1999/11/30 v2.0
\@emptytoks=\toks14
\ex@=\dimen103
)
\pmbraise@=\dimen104
)
("C:\Program Files\MiKTeX 2.9\tex\latex\graphics\graphicx.sty"
Package: graphicx 1999/02/16 v1.0f Enhanced LaTeX Graphics (DPC,SPQR)

("C:\Program Files\MiKTeX 2.9\tex\latex\graphics\keyval.sty"
Package: keyval 1999/03/16 v1.13 key=value parser (DPC)
\KV@toks@=\toks15
)
("C:\Program Files\MiKTeX 2.9\tex\latex\graphics\graphics.sty"
Package: graphics 2009/02/05 v1.0o Standard LaTeX Graphics (DPC,SPQR)

("C:\Program Files\MiKTeX 2.9\tex\latex\graphics\trig.sty"
Package: trig 1999/03/16 v1.09 sin cos tan (DPC)
)
("C:\Program Files\MiKTeX 2.9\tex\latex\00miktex\graphics.cfg"
File: graphics.cfg 2007/01/18 v1.5 graphics configuration of teTeX/TeXLive
)
Package graphics Info: Driver file: pdftex.def on input line 91.

("C:\Program Files\MiKTeX 2.9\tex\latex\pdftex-def\pdftex.def"
File: pdftex.def 2011/05/27 v0.06d Graphics/color for pdfTeX

("C:\Program Files\MiKTeX 2.9\tex\generic\oberdiek\infwarerr.sty"
Package: infwarerr 2010/04/08 v1.3 Providing info/warning/error messages (HO)
)
("C:\Program Files\MiKTeX 2.9\tex\generic\oberdiek\ltxcmds.sty"
Package: ltxcmds 2011/11/09 v1.22 LaTeX kernel commands for general use (HO)
)
\Gread@gobject=\count87
))
\Gin@req@height=\dimen105
\Gin@req@width=\dimen106
)
("C:\Program Files\MiKTeX 2.9\tex\latex\siunitx\siunitx.sty"
("C:\Program Files\MiKTeX 2.9\tex\latex\l3kernel\expl3.sty"
("C:\Program Files\MiKTeX 2.9\tex\latex\l3kernel\l3names.sty"
("C:\Program Files\MiKTeX 2.9\tex\latex\l3kernel\l3bootstrap.sty"
Package: l3bootstrap 2011/12/29 v3110 L3 Experimental bootstrap code
)
Package: l3names 2012/03/04 v3494 L3 Experimental namespace for primitives
)
("C:\Program Files\MiKTeX 2.9\tex\latex\misc\etex.sty"
Package: etex 1998/03/26 v2.0 eTeX basic definition package (PEB)
\et@xins=\count88
)
Package: expl3 2012/04/23 v3570 L3 Experimental code bundle wrapper

("C:\Program Files\MiKTeX 2.9\tex\latex\graphics\color.sty"
Package: color 2005/11/14 v1.0j Standard LaTeX Color (DPC)

("C:\Program Files\MiKTeX 2.9\tex\latex\00miktex\color.cfg"
File: color.cfg 2007/01/18 v1.5 color configuration of teTeX/TeXLive
)
Package color Info: Driver file: pdftex.def on input line 130.
)
("C:\Program Files\MiKTeX 2.9\tex\latex\l3kernel\l3basics.sty"
Package: l3basics 2012/03/04 v3491 L3 Experimental basic definitions
)
("C:\Program Files\MiKTeX 2.9\tex\latex\l3kernel\l3expan.sty"
Package: l3expan 2012/02/26 v3460 L3 Experimental argument expansion
)
("C:\Program Files\MiKTeX 2.9\tex\latex\l3kernel\l3tl.sty"
Package: l3tl 2012/03/04 v3490 L3 Experimental token lists
)
("C:\Program Files\MiKTeX 2.9\tex\latex\l3kernel\l3seq.sty"
Package: l3seq 2012/03/04 v3490 L3 Experimental sequences and stacks
)
("C:\Program Files\MiKTeX 2.9\tex\latex\l3kernel\l3int.sty"
Package: l3int 2012/03/04 v3490 L3 Experimental integers
\c_max_int=\count89
\l_tmpa_int=\count90
\l_tmpb_int=\count91
\l_tmpc_int=\count92
\g_tmpa_int=\count93
\g_tmpb_int=\count94
)
("C:\Program Files\MiKTeX 2.9\tex\latex\l3kernel\l3quark.sty"
Package: l3quark 2012/02/12 v3384 L3 Experimental quarks
)
("C:\Program Files\MiKTeX 2.9\tex\latex\l3kernel\l3prg.sty"
Package: l3prg 2012/03/04 v3490 L3 Experimental control structures
\g_prg_map_int=\count95
)
("C:\Program Files\MiKTeX 2.9\tex\latex\l3kernel\l3clist.sty"
Package: l3clist 2012/03/04 v3490 L3 Experimental comma separated lists
)
("C:\Program Files\MiKTeX 2.9\tex\latex\l3kernel\l3token.sty"
Package: l3token 2012/03/04 v3491 L3 Experimental token manipulation
)
("C:\Program Files\MiKTeX 2.9\tex\latex\l3kernel\l3prop.sty"
Package: l3prop 2012/03/04 v3490 L3 Experimental property lists
)
("C:\Program Files\MiKTeX 2.9\tex\latex\l3kernel\l3msg.sty"
Package: l3msg 2012/04/23 v3568 L3 Experimental messages
)
("C:\Program Files\MiKTeX 2.9\tex\latex\l3kernel\l3file.sty"
Package: l3file 2012/03/09 v3520 L3 Experimental file and I/O operations
\l_iow_stream_int=\count96
\l_iow_line_length_int=\count97
\l_iow_target_length_int=\count98
\l_iow_current_line_int=\count99
\l_iow_current_word_int=\count100
\l_iow_current_indentation_int=\count101
)
("C:\Program Files\MiKTeX 2.9\tex\latex\l3kernel\l3skip.sty"
Package: l3skip 2012/03/05 v3499 L3 Experimental dimensions and skips
\l_tmpa_dim=\dimen107
\l_tmpb_dim=\dimen108
\l_tmpc_dim=\dimen109
\g_tmpa_dim=\dimen110
\g_tmpb_dim=\dimen111
\l_tmpa_skip=\skip43
\l_tmpb_skip=\skip44
\l_tmpc_skip=\skip45
\g_tmpa_skip=\skip46
\g_tmpb_skip=\skip47
)
("C:\Program Files\MiKTeX 2.9\tex\latex\l3kernel\l3keys.sty"
Package: l3keys 2012/03/03 v3487 L3 Experimental key-value interfaces
\g_keyval_level_int=\count102
\l_keys_choice_int=\count103
)
("C:\Program Files\MiKTeX 2.9\tex\latex\l3kernel\l3fp.sty"
Package: l3fp 2012/03/04 v3490 L3 Experimental floating-point operations
\c_one_million=\count104
\c_one_hundred_million=\count105
\c_five_hundred_million=\count106
\c_one_thousand_million=\count107
\c_fp_pi_by_four_decimal_int=\count108
\c_fp_pi_by_four_extended_int=\count109
\c_fp_pi_decimal_int=\count110
\c_fp_pi_extended_int=\count111
\c_fp_two_pi_decimal_int=\count112
\c_fp_two_pi_extended_int=\count113
\l_fp_count_int=\count114
\l_fp_div_offset_int=\count115
\l_fp_exp_integer_int=\count116
\l_fp_exp_decimal_int=\count117
\l_fp_exp_extended_int=\count118
\l_fp_exp_exponent_int=\count119
\l_fp_input_a_sign_int=\count120
\l_fp_input_a_integer_int=\count121
\l_fp_input_a_decimal_int=\count122
\l_fp_input_a_exponent_int=\count123
\l_fp_input_b_sign_int=\count124
\l_fp_input_b_integer_int=\count125
\l_fp_input_b_decimal_int=\count126
\l_fp_input_b_exponent_int=\count127
\l_fp_input_a_extended_int=\count128
\l_fp_input_b_extended_int=\count129
\l_fp_mul_a_i_int=\count130
\l_fp_mul_a_ii_int=\count131
\l_fp_mul_a_iii_int=\count132
\l_fp_mul_a_iv_int=\count133
\l_fp_mul_a_v_int=\count134
\l_fp_mul_a_vi_int=\count135
\l_fp_mul_b_i_int=\count136
\l_fp_mul_b_ii_int=\count137
\l_fp_mul_b_iii_int=\count138
\l_fp_mul_b_iv_int=\count139
\l_fp_mul_b_v_int=\count140
\l_fp_mul_b_vi_int=\count141
\l_fp_mul_output_int=\count142
\l_fp_output_sign_int=\count143
\l_fp_output_integer_int=\count144
\l_fp_output_decimal_int=\count145
\l_fp_output_exponent_int=\count146
\l_fp_output_extended_int=\count147
\l_fp_round_position_int=\count148
\l_fp_round_target_int=\count149
\l_fp_split_sign_int=\count150
\l_fp_internal_int=\count151
\l_fp_trig_octant_int=\count152
\l_fp_trig_sign_int=\count153
\l_fp_trig_decimal_int=\count154
\l_fp_trig_extended_int=\count155
\l_fp_internal_dim=\dimen112
\l_fp_internal_skip=\skip48
)
("C:\Program Files\MiKTeX 2.9\tex\latex\l3kernel\l3box.sty"
Package: l3box 2012/03/04 v3490 L3 Experimental boxes
\l_tmpb_box=\box26
\l_box_top_dim=\dimen113
\l_box_bottom_dim=\dimen114
\l_box_left_dim=\dimen115
\l_box_right_dim=\dimen116
\l_box_top_new_dim=\dimen117
\l_box_bottom_new_dim=\dimen118
\l_box_left_new_dim=\dimen119
\l_box_right_new_dim=\dimen120
\l_box_internal_box=\box27
)
("C:\Program Files\MiKTeX 2.9\tex\latex\l3kernel\l3coffins.sty"
Package: l3coffins 2012/03/03 v3482 L3 Experimental coffin code layer
\l_coffin_internal_box=\box28
\l_coffin_internal_dim=\dimen121
\l_coffin_offset_x_dim=\dimen122
\l_coffin_offset_y_dim=\dimen123
\l_coffin_x_dim=\dimen124
\l_coffin_y_dim=\dimen125
\l_coffin_x_prime_dim=\dimen126
\l_coffin_y_prime_dim=\dimen127
\l_coffin_Depth_dim=\dimen128
\l_coffin_Height_dim=\dimen129
\l_coffin_TotalHeight_dim=\dimen130
\l_coffin_Width_dim=\dimen131
\c_empty_coffin=\box29
\l_coffin_aligned_coffin=\box30
\l_coffin_aligned_internal_coffin=\box31
\l_coffin_bounding_shift_dim=\dimen132
\l_coffin_left_corner_dim=\dimen133
\l_coffin_right_corner_dim=\dimen134
\l_coffin_bottom_corner_dim=\dimen135
\l_coffin_top_corner_dim=\dimen136
\l_coffin_scaled_total_height_dim=\dimen137
\l_coffin_scaled_width_dim=\dimen138
\l_coffin_display_coffin=\box32
\l_coffin_display_coord_coffin=\box33
\l_coffin_display_pole_coffin=\box34
\l_coffin_display_offset_dim=\dimen139
\l_coffin_display_x_dim=\dimen140
\l_coffin_display_y_dim=\dimen141
)
("C:\Program Files\MiKTeX 2.9\tex\latex\l3kernel\l3color.sty"
Package: l3color 2011/09/07 v2776 L3 Experimental colour support
)
("C:\Program Files\MiKTeX 2.9\tex\latex\l3kernel\l3luatex.sty"
Package: l3luatex 2012/02/09 v3355 L3 Experimental LuaTeX-specific functions
\g_cctab_allocate_int=\count156
\g_cctab_stack_int=\count157
))
Package: siunitx 2012/05/03 v2.5c A comprehensive (SI) units package

("C:\Program Files\MiKTeX 2.9\tex\latex\ams\math\amstext.sty"
Package: amstext 2000/06/29 v2.01
)
("C:\Program Files\MiKTeX 2.9\tex\latex\tools\array.sty"
Package: array 2008/09/09 v2.4c Tabular extension package (FMi)
\col@sep=\dimen142
\extrarowheight=\dimen143
\NC@list=\toks16
\extratabsurround=\skip49
\backup@length=\skip50
)
("C:\Program Files\MiKTeX 2.9\tex\latex\l3packages\l3keys2e\l3keys2e.sty"
("C:\Program Files\MiKTeX 2.9\tex\latex\l3packages\xparse\xparse.sty"
Package: xparse 2012/04/23 v3570 L3 Experimental document command parser
\l_xparse_current_arg_int=\count158
\l_xparse_m_args_int=\count159
\l_xparse_mandatory_args_int=\count160
\l_xparse_processor_int=\count161
\l_xparse_v_nesting_int=\count162
)
Package: l3keys2e 2012/04/23 v3570 LaTeX2e option processing using LaTeX3 keys
)
\l_siunitx_tmp_box=\box35
\l_siunitx_tmp_dim=\dimen144
\l_siunitx_tmp_int=\count163
Variant \prop_get:NVNT already defined; not changing it on line 360
Variant \prop_get:NVNF already defined; not changing it on line 361
Variant \prop_get:NVNTF already defined; not changing it on line 362
\l_siunitx_number_mantissa_length_int=\count164
\l_siunitx_number_uncert_length_int=\count165
\l_siunitx_round_int=\count166
\l_siunitx_process_decimal_int=\count167
\l_siunitx_process_uncertainty_int=\count168
\l_siunitx_process_fixed_int=\count169
\l_siunitx_process_integer_min_int=\count170
\l_siunitx_process_precision_int=\count171
\l_siunitx_group_min_int=\count172
\l_siunitx_angle_marker_box=\box36
\l_siunitx_angle_unit_box=\box37
\l_siunitx_angle_marker_dim=\dimen145
\l_siunitx_angle_unit_dim=\dimen146
\l_siunitx_unit_int=\count173
\l_siunitx_unit_denominator_int=\count174
\l_siunitx_unit_numerator_int=\count175
\l_siunitx_unit_prefix_int=\count176
\l_siunitx_unit_prefix_base_int=\count177
\l_siunitx_unit_prefix_gram_int=\count178
\l_siunitx_number_product_int=\count179
\c_siunitx_one_fill_skip=\skip51
\l_siunitx_table_unit_align_skip=\skip52
\l_siunitx_table_exponent_dim=\dimen147
\l_siunitx_table_integer_dim=\dimen148
\l_siunitx_table_mantissa_dim=\dimen149
\l_siunitx_table_marker_dim=\dimen150
\l_siunitx_table_result_dim=\dimen151
\l_siunitx_table_uncert_dim=\dimen152
\l_siunitx_table_fill_pre_dim=\dimen153
\l_siunitx_table_fill_post_dim=\dimen154
\l_siunitx_table_fill_mid_dim=\dimen155
\l_siunitx_table_pre_box=\box38
\l_siunitx_table_post_box=\box39
\l_siunitx_table_mantissa_box=\box40
\l_siunitx_table_result_box=\box41
\l_siunitx_table_number_align_skip=\skip53
\l_siunitx_table_text_align_skip=\skip54
.................................................
. LaTeX info: "xparse/define-command"
. 
. Defining document command \DeclareBinaryPrefix with arg. spec. 'mmm' on line
. 7037.
.................................................
.................................................
. LaTeX info: "xparse/define-command"
. 
. Defining document command \DeclareSIPostPower with arg. spec. 'mm' on line
. 7040.
.................................................
.................................................
. LaTeX info: "xparse/define-command"
. 
. Defining document command \DeclareSIPrefix with arg. spec. 'mmm' on line
. 7043.
.................................................
.................................................
. LaTeX info: "xparse/define-command"
. 
. Defining document command \DeclareSIPrePower with arg. spec. 'mm' on line
. 7046.
.................................................
.................................................
. LaTeX info: "xparse/define-command"
. 
. Defining document command \DeclareSIQualifier with arg. spec. 'mm' on line
. 7049.
.................................................
.................................................
. LaTeX info: "xparse/define-command"
. 
. Defining document command \DeclareSIUnit with arg. spec. 'O{}mm' on line
. 7052.
.................................................
.................................................
. LaTeX info: "xparse/define-command"
. 
. Defining document command \DeclareSIUnitWithOptions with arg. spec. 'mmm' on
. line 7055.
.................................................
.................................................
. LaTeX info: "xparse/define-command"
. 
. Defining document command \ang with arg. spec. 'o>{\SplitArgument {2}{;}}m'
. on line 7070.
.................................................
.................................................
. LaTeX info: "xparse/define-command"
. 
. Defining document command \num with arg. spec. 'om' on line 7078.
.................................................
.................................................
. LaTeX info: "xparse/define-command"
. 
. Defining document command \numlist with arg. spec. 'o>{\SplitList {;}}m' on
. line 7086.
.................................................
.................................................
. LaTeX info: "xparse/define-command"
. 
. Defining document command \numrange with arg. spec. 'omm' on line 7094.
.................................................
.................................................
. LaTeX info: "xparse/define-command"
. 
. Defining document command \SIlist with arg. spec. 'o>{\SplitList {;}}mm' on
. line 7105.
.................................................
.................................................
. LaTeX info: "xparse/define-command"
. 
. Defining document command \SIrange with arg. spec. 'ommm' on line 7116.
.................................................
.................................................
. LaTeX info: "xparse/define-command"
. 
. Defining document command \SI with arg. spec. 'omom' on line 7127.
.................................................
.................................................
. LaTeX info: "xparse/define-command"
. 
. Defining document command \sisetup with arg. spec. 'm' on line 7130.
.................................................
.................................................
. LaTeX info: "xparse/define-command"
. 
. Defining document command \tablenum with arg. spec. 'om' on line 7142.
.................................................
.................................................
. LaTeX info: "xparse/define-command"
. 
. Defining document command \si with arg. spec. 'om' on line 7153.
.................................................
.................................................
. LaTeX info: "xparse/define-command"
. 
. Defining document command \siunitx_bookmark_num:w with arg. spec. 'om' on
. line 7197.
.................................................
.................................................
. LaTeX info: "xparse/define-command"
. 
. Defining document command \siunitx_bookmark_numrange:w with arg. spec. 'omm'
. on line 7199.
.................................................
.................................................
. LaTeX info: "xparse/define-command"
. 
. Defining document command \siunitx_bookmark_SI:w with arg. spec. 'omom' on
. line 7201.
.................................................
.................................................
. LaTeX info: "xparse/define-command"
. 
. Defining document command \siunitx_bookmark_SIlist:w with arg. spec. 'omm'
. on line 7203.
.................................................
.................................................
. LaTeX info: "xparse/define-command"
. 
. Defining document command \siunitx_bookmark_SIrange:w with arg. spec. 'ommm'
. on line 7205.
.................................................
.................................................
. LaTeX info: "xparse/define-command"
. 
. Defining document command \siunitx_bookmark_si:w with arg. spec. 'om' on
. line 7206.
.................................................
\g_ior_internal_ior=\read1

("C:\Program Files\MiKTeX 2.9\tex\latex\beamer\base\translator\translator.sty"
Package: translator 2010/06/12 ver 1.10

("C:\Program Files\MiKTeX 2.9\tex\latex\beamer\base\translator\translator-langu
age-mappings.tex"))) (Z:\Designs\UseCaseWriteUps\Use_Case_I3_Scenario4.aux)
LaTeX Font Info:    Checking defaults for OML/cmm/m/it on input line 6.
LaTeX Font Info:    ... okay on input line 6.
LaTeX Font Info:    Checking defaults for T1/cmr/m/n on input line 6.
LaTeX Font Info:    ... okay on input line 6.
LaTeX Font Info:    Checking defaults for OT1/cmr/m/n on input line 6.
LaTeX Font Info:    ... okay on input line 6.
LaTeX Font Info:    Checking defaults for OMS/cmsy/m/n on input line 6.
LaTeX Font Info:    ... okay on input line 6.
LaTeX Font Info:    Checking defaults for OMX/cmex/m/n on input line 6.
LaTeX Font Info:    ... okay on input line 6.
LaTeX Font Info:    Checking defaults for U/cmr/m/n on input line 6.
LaTeX Font Info:    ... okay on input line 6.

("C:\Program Files\MiKTeX 2.9\tex\context\base\supp-pdf.mkii"
[Loading MPS to PDF converter (version 2006.09.02).]
\scratchcounter=\count180
\scratchdimen=\dimen156
\scratchbox=\box42
\nofMPsegments=\count181
\nofMParguments=\count182
\everyMPshowfont=\toks17
\MPscratchCnt=\count183
\MPscratchDim=\dimen157
\MPnumerator=\count184
\makeMPintoPDFobject=\count185
\everyMPtoPDFconversion=\toks18
)
("C:\Program Files\MiKTeX 2.9\tex\latex\beamer\base\translator\dicts\translator
-basic-dictionary\translator-basic-dictionary-English.dict"
Dictionary: translator-basic-dictionary, Language: English 
)
("C:\Program Files\MiKTeX 2.9\tex\latex\siunitx\config\siunitx-abbreviations.cf
g"
File: siunitx-abbreviations.cfg 2012/05/03 v2.5c siunitx: Abbreviated units
) ("C:\Program Files\MiKTeX 2.9\tex\latex\siunitx\config\siunitx-binary.cfg"
File: siunitx-binary.cfg 2012/05/03 v2.5c siunitx: Binary units
)
\c_siunitx_mathsf_int=\count186
LaTeX Font Info:    External font `cmex10' loaded for size
(Font)              <7> on input line 6.
LaTeX Font Info:    External font `cmex10' loaded for size
(Font)              <5> on input line 6.
LaTeX Font Info:    Try loading font information for U+lasy on input line 6.
("C:\Program Files\MiKTeX 2.9\tex\latex\base\ulasy.fd"
File: ulasy.fd 1998/08/17 v2.2e LaTeX symbol font definitions
)
\c_siunitx_mathtt_int=\count187

Underfull \hbox (badness 10000) in paragraph at lines 11--71

 []


Underfull \hbox (badness 10000) in paragraph at lines 11--71

 []


Underfull \hbox (badness 10000) in paragraph at lines 11--71

 []


Underfull \hbox (badness 10000) in paragraph at lines 11--71

 []


Underfull \hbox (badness 10000) in paragraph at lines 11--71

 []


Overfull \hbox (9.33939pt too wide) in paragraph at lines 11--71
[] 
 []


Underfull \hbox (badness 10000) in paragraph at lines 11--71

 []


Underfull \hbox (badness 10000) in paragraph at lines 11--71

 []


Underfull \hbox (badness 10000) in paragraph at lines 11--71

 []


Underfull \hbox (badness 10000) in paragraph at lines 11--71

 []


Underfull \hbox (badness 10000) in paragraph at lines 11--71

 []


Underfull \hbox (badness 10000) in paragraph at lines 11--71

 []

[1

{C:/ProgramData/MiKTeX/2.9/pdftex/config/pdftex.map}] [2]
(Z:\Designs\UseCaseWriteUps\Use_Case_I3_Scenario4.aux) ) 
Here is how much of TeX's memory you used:
 9065 strings out of 493923
 200308 string characters out of 3147319
 195349 words of memory out of 3000000
 12275 multiletter control sequences out of 15000+200000
 6021 words of font info for 25 fonts, out of 3000000 for 9000
 841 hyphenation exceptions out of 8191
 32i,6n,27p,309b,115s stack positions out of 5000i,500n,10000p,200000b,50000s
<C:/Program Files/MiKTe
X 2.9/fonts/type1/public/amsfonts/cm/cmbx10.pfb><C:/Program Files/MiKTeX 2.9/fo
nts/type1/public/amsfonts/cm/cmr10.pfb><C:/Program Files/MiKTeX 2.9/fonts/type1
/public/amsfonts/cm/cmsy7.pfb><C:/Program Files/MiKTeX 2.9/fonts/type1/public/a
msfonts/cm/cmti10.pfb>
Output written on Use_Case_I3_Scenario4.pdf (2 pages, 64073 bytes).
PDF statistics:
 25 PDF objects out of 1000 (max. 8388607)
 0 named destinations out of 1000 (max. 500000)
 1 words of extra memory for PDF output out of 10000 (max. 10000000)

