#
# A fatal error has been detected by the Java Runtime Environment:
#
#  SIGSEGV (0xb) at pc=0x00001c88, pid=4767, tid=2909234288
#
# JRE version: Java(TM) SE Runtime Environment (8.0-b132) (build 1.8.0-b132)
# Java VM: Java HotSpot(TM) Client VM (25.0-b70 mixed mode linux-arm )
# Problematic frame:
# C  0x00001c88
#
# Failed to write core dump. Core dumps have been disabled. To enable core dumping, try "ulimit -c unlimited" before starting Java again
#
# If you would like to submit a bug report, please visit:
#   http://bugreport.sun.com/bugreport/crash.jsp
# The crash happened outside the Java Virtual Machine in native code.
# See problematic frame for where to report the bug.
#

---------------  T H R E A D  ---------------

Current thread (0x0181af80):  JavaThread "Thread-1" [_thread_in_native, id=4777, stack(0xad627000,0xad677000)]

siginfo:si_signo=SIGSEGV: si_errno=0, si_code=1 (SEGV_MAPERR), si_addr=0x00001c88

Registers:
  r0  = 0x00000001
  r1  = 0x00000000
  r2  = 0x00000001
  r3  = 0x00000000
  r4  = 0xb432d474
  r5  = 0xb42166b4
  r6  = 0x00000000
  r7  = 0x00000000
  r8  = 0xad67597c
  r9  = 0xadff7ca8
  r10 = 0x0181af80
  fp  = 0xad6758dc
  r12 = 0xb421c174
  sp  = 0xad6758c0
  lr  = 0xb42166f0
  pc  = 0x00001c88
  cpsr = 0x60000010

Top of Stack: (sp=0xad6758c0)
0xad6758c0:   00000000 00000001 ad67597c 0181b0ac
0xad6758d0:   0181b2a8 00000000 ad675968 b42fb84c
0xad6758e0:   00000000 00000000 00000000 00000000
0xad6758f0:   ad67592c b674bbcc ad6758f8 b432d2fc
0xad675900:   b675be60 00000000 00000000 ad6759a8
0xad675910:   ad675998 b42fb84c ad675958 b42f37f8
0xad675920:   00000000 00000009 00000000 ae2bec60
0xad675930:   00000001 00000001 ad675938 adff76b8 

Instructions: (pc=0x00001c88)
0x00001c68:   
[error occurred during error reporting (printing registers, top of stack, instructions near pc), id 0xb]

Register to memory mapping:

  r0  = 0x00000001
0x00000001 is an unknown value

  r1  = 0x00000000
0x00000000 is an unknown value

  r2  = 0x00000001
0x00000001 is an unknown value

  r3  = 0x00000000
0x00000000 is an unknown value

  r4  = 0xb432d474
0xb432d474 is at code_begin+2100 in 
[CodeBlob (0xb432cc08)]
Framesize: 0
BufferBlob (0xb432cc08) used for native signature handlers

  r5  = 0xb42166b4

[error occurred during error reporting (printing register info), id 0xb]

Stack: [0xad627000,0xad677000],  sp=0xad6758c0,  free space=314k
Native frames: (J=compiled Java code, j=interpreted, Vv=VM code, C=native code)
C  0x00001c88

[error occurred during error reporting (printing native stack), id 0xb]

Java frames: (J=compiled Java code, j=interpreted, Vv=VM code)
j  com.dalsemi.onewire.adapter.PDKAdapterUSB.PowerLevel(II)I+0
j  com.dalsemi.onewire.adapter.PDKAdapterUSB.setPowerNormal()V+21
j  com.dalsemi.onewire.container.OneWireContainer10.doTemperatureConvert([B)V+58
j  TestiButton.measureTemp()V+17
j  TestiButton.update(Lrosas/lou/clock/TimeFormater;)V+1
j  rosas.lou.clock.StopWatch.publishElapsedTime()V+76
j  rosas.lou.clock.StopWatch.running()V+16
j  rosas.lou.clock.StopWatch.run()V+31
j  java.lang.Thread.run()V+11
v  ~StubRoutines::call_stub

---------------  P R O C E S S  ---------------

Java Threads: ( => current thread )
  0x0181f2e0 JavaThread "SIGHUP handler" daemon [_thread_in_vm, id=6751, stack(0xad5c7000,0xad617000)]
  0x016549a0 JavaThread "DestroyJavaVM" [_thread_blocked, id=4768, stack(0xb63ab000,0xb63fb000)]
=>0x0181af80 JavaThread "Thread-1" [_thread_in_native, id=4777, stack(0xad627000,0xad677000)]
  0x016d6be8 JavaThread "Service Thread" daemon [_thread_blocked, id=4774, stack(0xad77f000,0xad7cf000)]
  0x016d1c80 JavaThread "C1 CompilerThread0" daemon [_thread_blocked, id=4773, stack(0xad7cf000,0xad84f000)]
  0x016d07f0 JavaThread "Signal Dispatcher" daemon [_thread_blocked, id=4772, stack(0xad84f000,0xad89f000)]
  0x016b2ae0 JavaThread "Finalizer" daemon [_thread_blocked, id=4771, stack(0xada16000,0xada66000)]
  0x016add90 JavaThread "Reference Handler" daemon [_thread_blocked, id=4770, stack(0xada66000,0xadab6000)]

Other Threads:
  0x016a9f70 VMThread [stack: 0xadab6000,0xadb36000] [id=4769]
  0x0165d818 WatcherThread [stack: 0xad6ff000,0xad77f000] [id=4775]

VM state:not at safepoint (normal execution)

VM Mutex/Monitor currently owned by a thread: None

Heap:
 def new generation   total 1920K, used 953K [0xae200000, 0xae400000, 0xb0200000)
  eden space 1792K,  46% used [0xae200000, 0xae2ce7b0, 0xae3c0000)
  from space 128K, 100% used [0xae3e0000, 0xae400000, 0xae400000)
  to   space 128K,   0% used [0xae3c0000, 0xae3c0000, 0xae3e0000)
 tenured generation   total 4096K, used 548K [0xb0200000, 0xb0600000, 0xb4200000)
   the space 4096K,  13% used [0xb0200000, 0xb0289130, 0xb0289200, 0xb0600000)
 Metaspace       used 2483K, capacity 2560K, committed 2584K, reserved 4400K

Card table byte_map: [0xb423e000,0xb426f000] byte_map_base: 0xb3ccd000

Polling page: 0xb6fd2000

CodeCache: size=32768Kb used=702Kb max_used=702Kb free=32065Kb
 bounds [0xb42ef000, 0xb439f000, 0xb62ef000]
 total_blobs=184 nmethods=41 adapters=75
 compilation: enabled

Compilation events (10 events):
Event: 5.965 Thread 0x016d1c80   37             com.dalsemi.onewire.adapter.DSPortAdapter::arrayWriteBit (48 bytes)
Event: 5.967 Thread 0x016d1c80 nmethod 37 0xb439d3c8 code [0xb439d4b0, 0xb439d5e8]
Event: 6.899 Thread 0x016d1c80   38             sun.misc.FDBigInteger::mult (64 bytes)
Event: 6.917 Thread 0x016d1c80 nmethod 38 0xb439d788 code [0xb439d870, 0xb439da38]
Event: 102.843 Thread 0x016d1c80   39             java.lang.String::getChars (62 bytes)
Event: 102.847 Thread 0x016d1c80 nmethod 39 0xb439dbc8 code [0xb439dcf0, 0xb439df38]
Event: 1240.604 Thread 0x016d1c80   40             java.util.Calendar::setFieldsComputed (117 bytes)
Event: 1240.609 Thread 0x016d1c80 nmethod 40 0xb439e108 code [0xb439e200, 0xb439e418]
Event: 1303.900 Thread 0x016d1c80   41             java.util.Calendar::internalSet (8 bytes)
Event: 1303.902 Thread 0x016d1c80 nmethod 41 0xb439e648 code [0xb439e730, 0xb439e7d8]

GC Heap History (2 events):
Event: 3.592 GC heap before
{Heap before GC invocations=0 (full 0):
 def new generation   total 1920K, used 1792K [0xae200000, 0xae400000, 0xb0200000)
  eden space 1792K, 100% used [0xae200000, 0xae3c0000, 0xae3c0000)
  from space 128K,   0% used [0xae3c0000, 0xae3c0000, 0xae3e0000)
  to   space 128K,   0% used [0xae3e0000, 0xae3e0000, 0xae400000)
 tenured generation   total 4096K, used 0K [0xb0200000, 0xb0600000, 0xb4200000)
   the space 4096K,   0% used [0xb0200000, 0xb0200000, 0xb0200200, 0xb0600000)
 Metaspace       used 2290K, capacity 2400K, committed 2456K, reserved 4400K
Event: 3.668 GC heap after
Heap after GC invocations=1 (full 0):
 def new generation   total 1920K, used 128K [0xae200000, 0xae400000, 0xb0200000)
  eden space 1792K,   0% used [0xae200000, 0xae200000, 0xae3c0000)
  from space 128K, 100% used [0xae3e0000, 0xae400000, 0xae400000)
  to   space 128K,   0% used [0xae3c0000, 0xae3c0000, 0xae3e0000)
 tenured generation   total 4096K, used 548K [0xb0200000, 0xb0600000, 0xb4200000)
   the space 4096K,  13% used [0xb0200000, 0xb0289130, 0xb0289200, 0xb0600000)
 Metaspace       used 2290K, capacity 2400K, committed 2456K, reserved 4400K
}

Deoptimization events (0 events):
No events

Internal exceptions (10 events):
Event: 4.060 Thread 0x016549a0 Exception <a 'java/security/PrivilegedActionException'> (0xae260600) thrown at [/HUDSON/workspace/8-2-build-glinux-arm-vfp-hflt/jdk8/2238/hotspot/src/share/vm/prims/jvm.cpp, line 1248]
Event: 4.065 Thread 0x016549a0 Exception <a 'java/security/PrivilegedActionException'> (0xae265208) thrown at [/HUDSON/workspace/8-2-build-glinux-arm-vfp-hflt/jdk8/2238/hotspot/src/share/vm/prims/jvm.cpp, line 1248]
Event: 4.072 Thread 0x016549a0 Exception <a 'java/security/PrivilegedActionException'> (0xae267918) thrown at [/HUDSON/workspace/8-2-build-glinux-arm-vfp-hflt/jdk8/2238/hotspot/src/share/vm/prims/jvm.cpp, line 1248]
Event: 4.095 Thread 0x016549a0 Exception <a 'java/security/PrivilegedActionException'> (0xae26a130) thrown at [/HUDSON/workspace/8-2-build-glinux-arm-vfp-hflt/jdk8/2238/hotspot/src/share/vm/prims/jvm.cpp, line 1248]
Event: 4.103 Thread 0x016549a0 Exception <a 'java/security/PrivilegedActionException'> (0xae272de8) thrown at [/HUDSON/workspace/8-2-build-glinux-arm-vfp-hflt/jdk8/2238/hotspot/src/share/vm/prims/jvm.cpp, line 1248]
Event: 4.109 Thread 0x016549a0 Exception <a 'java/security/PrivilegedActionException'> (0xae277b60) thrown at [/HUDSON/workspace/8-2-build-glinux-arm-vfp-hflt/jdk8/2238/hotspot/src/share/vm/prims/jvm.cpp, line 1248]
Event: 4.184 Thread 0x016549a0 Exception <a 'java/security/PrivilegedActionException'> (0xae282560) thrown at [/HUDSON/workspace/8-2-build-glinux-arm-vfp-hflt/jdk8/2238/hotspot/src/share/vm/prims/jvm.cpp, line 1248]
Event: 5.768 Thread 0x016549a0 Exception <a 'java/security/PrivilegedActionException'> (0xae28e4b8) thrown at [/HUDSON/workspace/8-2-build-glinux-arm-vfp-hflt/jdk8/2238/hotspot/src/share/vm/prims/jvm.cpp, line 1248]
Event: 6.848 Thread 0x016549a0 Exception <a 'java/security/PrivilegedActionException'> (0xae291470) thrown at [/HUDSON/workspace/8-2-build-glinux-arm-vfp-hflt/jdk8/2238/hotspot/src/share/vm/prims/jvm.cpp, line 1248]
Event: 6.860 Thread 0x016549a0 Exception <a 'java/security/PrivilegedActionException'> (0xae297ec0) thrown at [/HUDSON/workspace/8-2-build-glinux-arm-vfp-hflt/jdk8/2238/hotspot/src/share/vm/prims/jvm.cpp, line 1248]

Events (10 events):
Event: 6.879 loading class sun/misc/FloatingDecimal$1 done
Event: 6.880 loading class sun/misc/FloatingDecimal$PreparedASCIIToBinaryBuffer
Event: 6.880 loading class sun/misc/FloatingDecimal$ASCIIToBinaryConverter
Event: 6.880 loading class sun/misc/FloatingDecimal$ASCIIToBinaryConverter done
Event: 6.881 loading class sun/misc/FloatingDecimal$PreparedASCIIToBinaryBuffer done
Event: 6.883 loading class sun/misc/FDBigInteger
Event: 6.885 loading class sun/misc/FDBigInteger done
Event: 6.932 Thread 0x0181af80 Thread added: 0x0181af80
Event: 6.933 Thread 0x016549a0 Thread exited: 0x016549a0
Event: 6.934 Thread 0x016549a0 Thread added: 0x016549a0


Dynamic libraries:
00008000-00009000 r-xp 00000000 b3:06 135297     /usr/lib/jvm/jdk-8-oracle-arm-vfp-hflt/jre/bin/java
00010000-00011000 rw-p 00000000 b3:06 135297     /usr/lib/jvm/jdk-8-oracle-arm-vfp-hflt/jre/bin/java
0164e000-01845000 rw-p 00000000 00:00 0          [heap]
ad5c7000-ad5ca000 ---p 00000000 00:00 0 
ad5ca000-ad617000 rw-p 00000000 00:00 0          [stack:6751]
ad617000-ad61d000 r-xp 00000000 b3:06 260648     /lib/arm-linux-gnueabihf/libusb-0.1.so.4.4.4
ad61d000-ad624000 ---p 00006000 b3:06 260648     /lib/arm-linux-gnueabihf/libusb-0.1.so.4.4.4
ad624000-ad625000 r--p 00005000 b3:06 260648     /lib/arm-linux-gnueabihf/libusb-0.1.so.4.4.4
ad625000-ad626000 rw-p 00006000 b3:06 260648     /lib/arm-linux-gnueabihf/libusb-0.1.so.4.4.4
ad626000-ad627000 rw-p 00000000 00:00 0 
ad627000-ad62a000 ---p 00000000 00:00 0 
ad62a000-ad677000 rw-p 00000000 00:00 0          [stack:4777]
ad677000-ad6a9000 r--s 0023c000 b3:06 135344     /usr/lib/jvm/jdk-8-oracle-arm-vfp-hflt/jre/lib/ext/jfxrt-controls.jar
ad6a9000-ad6ff000 r--s 00408000 b3:06 135345     /usr/lib/jvm/jdk-8-oracle-arm-vfp-hflt/jre/lib/ext/jfxrt-graphics.jar
ad6ff000-ad700000 ---p 00000000 00:00 0 
ad700000-ad77f000 rw-p 00000000 00:00 0          [stack:4775]
ad77f000-ad782000 ---p 00000000 00:00 0 
ad782000-ad7cf000 rw-p 00000000 00:00 0          [stack:4774]
ad7cf000-ad7d2000 ---p 00000000 00:00 0 
ad7d2000-ad84f000 rw-p 00000000 00:00 0          [stack:4773]
ad84f000-ad852000 ---p 00000000 00:00 0 
ad852000-ad89f000 rw-p 00000000 00:00 0          [stack:4772]
ad89f000-ada16000 r--p 00000000 b3:06 7948       /usr/lib/locale/locale-archive
ada16000-ada19000 ---p 00000000 00:00 0 
ada19000-ada66000 rw-p 00000000 00:00 0          [stack:4771]
ada66000-ada69000 ---p 00000000 00:00 0 
ada69000-adab6000 rw-p 00000000 00:00 0          [stack:4770]
adab6000-adab7000 ---p 00000000 00:00 0 
adab7000-adb85000 rw-p 00000000 00:00 0          [stack:4769]
adb85000-add59000 r--s 03c85000 b3:06 135301     /usr/lib/jvm/jdk-8-oracle-arm-vfp-hflt/jre/lib/rt.jar
add59000-ae03a000 rw-p 00000000 00:00 0 
ae03a000-ae200000 ---p 00000000 00:00 0 
ae200000-ae400000 rw-p 00000000 00:00 0 
ae400000-b0200000 ---p 00000000 00:00 0 
b0200000-b0600000 rw-p 00000000 00:00 0 
b0600000-b4200000 ---p 00000000 00:00 0 
b4214000-b421c000 r-xp 00000000 b3:06 134635     /usr/local/lib/libonewireUSB.so
b421c000-b421d000 rw-p 00008000 b3:06 134635     /usr/local/lib/libonewireUSB.so
b421d000-b4220000 rw-p 00000000 00:00 0 
b4220000-b423e000 ---p 00000000 00:00 0 
b423e000-b423f000 rw-p 00000000 00:00 0 
b423f000-b424e000 ---p 00000000 00:00 0 
b424e000-b4250000 rw-p 00000000 00:00 0 
b4250000-b426e000 ---p 00000000 00:00 0 
b426e000-b4272000 rw-p 00000000 00:00 0 
b4272000-b42ef000 ---p 00000000 00:00 0 
b42ef000-b439f000 rwxp 00000000 00:00 0 
b439f000-b62ef000 ---p 00000000 00:00 0 
b62ef000-b6306000 r-xp 00000000 b3:06 135419     /usr/lib/jvm/jdk-8-oracle-arm-vfp-hflt/jre/lib/arm/libzip.so
b6306000-b630d000 ---p 00017000 b3:06 135419     /usr/lib/jvm/jdk-8-oracle-arm-vfp-hflt/jre/lib/arm/libzip.so
b630d000-b630e000 rw-p 00016000 b3:06 135419     /usr/lib/jvm/jdk-8-oracle-arm-vfp-hflt/jre/lib/arm/libzip.so
b630e000-b6318000 r-xp 00000000 b3:06 260733     /lib/arm-linux-gnueabihf/libnss_files-2.13.so
b6318000-b631f000 ---p 0000a000 b3:06 260733     /lib/arm-linux-gnueabihf/libnss_files-2.13.so
b631f000-b6320000 r--p 00009000 b3:06 260733     /lib/arm-linux-gnueabihf/libnss_files-2.13.so
b6320000-b6321000 rw-p 0000a000 b3:06 260733     /lib/arm-linux-gnueabihf/libnss_files-2.13.so
b6321000-b632a000 r-xp 00000000 b3:06 260707     /lib/arm-linux-gnueabihf/libnss_nis-2.13.so
b632a000-b6331000 ---p 00009000 b3:06 260707     /lib/arm-linux-gnueabihf/libnss_nis-2.13.so
b6331000-b6332000 r--p 00008000 b3:06 260707     /lib/arm-linux-gnueabihf/libnss_nis-2.13.so
b6332000-b6333000 rw-p 00009000 b3:06 260707     /lib/arm-linux-gnueabihf/libnss_nis-2.13.so
b6333000-b6344000 r-xp 00000000 b3:06 260741     /lib/arm-linux-gnueabihf/libnsl-2.13.so
b6344000-b634b000 ---p 00011000 b3:06 260741     /lib/arm-linux-gnueabihf/libnsl-2.13.so
b634b000-b634c000 r--p 00010000 b3:06 260741     /lib/arm-linux-gnueabihf/libnsl-2.13.so
b634c000-b634d000 rw-p 00011000 b3:06 260741     /lib/arm-linux-gnueabihf/libnsl-2.13.so
b634d000-b634f000 rw-p 00000000 00:00 0 
b634f000-b6355000 r-xp 00000000 b3:06 260822     /lib/arm-linux-gnueabihf/libnss_compat-2.13.so
b6355000-b635c000 ---p 00006000 b3:06 260822     /lib/arm-linux-gnueabihf/libnss_compat-2.13.so
b635c000-b635d000 r--p 00005000 b3:06 260822     /lib/arm-linux-gnueabihf/libnss_compat-2.13.so
b635d000-b635e000 rw-p 00006000 b3:06 260822     /lib/arm-linux-gnueabihf/libnss_compat-2.13.so
b635e000-b6381000 r-xp 00000000 b3:06 135413     /usr/lib/jvm/jdk-8-oracle-arm-vfp-hflt/jre/lib/arm/libjava.so
b6381000-b6389000 ---p 00023000 b3:06 135413     /usr/lib/jvm/jdk-8-oracle-arm-vfp-hflt/jre/lib/arm/libjava.so
b6389000-b638a000 rw-p 00023000 b3:06 135413     /usr/lib/jvm/jdk-8-oracle-arm-vfp-hflt/jre/lib/arm/libjava.so
b638a000-b6393000 r-xp 00000000 b3:06 135401     /usr/lib/jvm/jdk-8-oracle-arm-vfp-hflt/jre/lib/arm/libverify.so
b6393000-b639b000 ---p 00009000 b3:06 135401     /usr/lib/jvm/jdk-8-oracle-arm-vfp-hflt/jre/lib/arm/libverify.so
b639b000-b639c000 rw-p 00009000 b3:06 135401     /usr/lib/jvm/jdk-8-oracle-arm-vfp-hflt/jre/lib/arm/libverify.so
b639c000-b63a2000 r-xp 00000000 b3:06 260631     /lib/arm-linux-gnueabihf/librt-2.13.so
b63a2000-b63a9000 ---p 00006000 b3:06 260631     /lib/arm-linux-gnueabihf/librt-2.13.so
b63a9000-b63aa000 r--p 00005000 b3:06 260631     /lib/arm-linux-gnueabihf/librt-2.13.so
b63aa000-b63ab000 rw-p 00006000 b3:06 260631     /lib/arm-linux-gnueabihf/librt-2.13.so
b63ab000-b63ae000 ---p 00000000 00:00 0 
b63ae000-b63fb000 rw-p 00000000 00:00 0          [stack:4768]
b63fb000-b6463000 r-xp 00000000 b3:06 260686     /lib/arm-linux-gnueabihf/libm-2.13.so
b6463000-b646a000 ---p 00068000 b3:06 260686     /lib/arm-linux-gnueabihf/libm-2.13.so
b646a000-b646b000 r--p 00067000 b3:06 260686     /lib/arm-linux-gnueabihf/libm-2.13.so
b646b000-b646c000 rw-p 00068000 b3:06 260686     /lib/arm-linux-gnueabihf/libm-2.13.so
b646c000-b69a8000 r-xp 00000000 b3:06 135429     /usr/lib/jvm/jdk-8-oracle-arm-vfp-hflt/jre/lib/arm/client/libjvm.so
b69a8000-b69af000 ---p 0053c000 b3:06 135429     /usr/lib/jvm/jdk-8-oracle-arm-vfp-hflt/jre/lib/arm/client/libjvm.so
b69af000-b69d9000 rw-p 0053b000 b3:06 135429     /usr/lib/jvm/jdk-8-oracle-arm-vfp-hflt/jre/lib/arm/client/libjvm.so
b69d9000-b6dfa000 rw-p 00000000 00:00 0 
b6dfa000-b6e1a000 r-xp 00000000 b3:06 260637     /lib/arm-linux-gnueabihf/libgcc_s.so.1
b6e1a000-b6e21000 ---p 00020000 b3:06 260637     /lib/arm-linux-gnueabihf/libgcc_s.so.1
b6e21000-b6e22000 rw-p 0001f000 b3:06 260637     /lib/arm-linux-gnueabihf/libgcc_s.so.1
b6e22000-b6f45000 r-xp 00000000 b3:06 260644     /lib/arm-linux-gnueabihf/libc-2.13.so
b6f45000-b6f4c000 ---p 00123000 b3:06 260644     /lib/arm-linux-gnueabihf/libc-2.13.so
b6f4c000-b6f4e000 r--p 00122000 b3:06 260644     /lib/arm-linux-gnueabihf/libc-2.13.so
b6f4e000-b6f4f000 rw-p 00124000 b3:06 260644     /lib/arm-linux-gnueabihf/libc-2.13.so
b6f4f000-b6f52000 rw-p 00000000 00:00 0 
b6f52000-b6f54000 r-xp 00000000 b3:06 260677     /lib/arm-linux-gnueabihf/libdl-2.13.so
b6f54000-b6f5b000 ---p 00002000 b3:06 260677     /lib/arm-linux-gnueabihf/libdl-2.13.so
b6f5b000-b6f5c000 r--p 00001000 b3:06 260677     /lib/arm-linux-gnueabihf/libdl-2.13.so
b6f5c000-b6f5d000 rw-p 00002000 b3:06 260677     /lib/arm-linux-gnueabihf/libdl-2.13.so
b6f5d000-b6f71000 r-xp 00000000 b3:06 135412     /usr/lib/jvm/jdk-8-oracle-arm-vfp-hflt/jre/lib/arm/jli/libjli.so
b6f71000-b6f78000 ---p 00014000 b3:06 135412     /usr/lib/jvm/jdk-8-oracle-arm-vfp-hflt/jre/lib/arm/jli/libjli.so
b6f78000-b6f79000 rw-p 00013000 b3:06 135412     /usr/lib/jvm/jdk-8-oracle-arm-vfp-hflt/jre/lib/arm/jli/libjli.so
b6f79000-b6f8d000 r-xp 00000000 b3:06 260671     /lib/arm-linux-gnueabihf/libpthread-2.13.so
b6f8d000-b6f94000 ---p 00014000 b3:06 260671     /lib/arm-linux-gnueabihf/libpthread-2.13.so
b6f94000-b6f95000 r--p 00013000 b3:06 260671     /lib/arm-linux-gnueabihf/libpthread-2.13.so
b6f95000-b6f96000 rw-p 00014000 b3:06 260671     /lib/arm-linux-gnueabihf/libpthread-2.13.so
b6f96000-b6f98000 rw-p 00000000 00:00 0 
b6f9c000-b6fa0000 r--s 0006c000 b3:06 679812     /home/pi/Downloads/OneWireViewer-Linux/onewireapi_java/OneWireAPI.jar
b6fa0000-b6fa8000 rw-s 00000000 b3:06 680029     /tmp/hsperfdata_pi/4767
b6fa8000-b6faa000 r-xp 00000000 b3:06 2997       /usr/lib/arm-linux-gnueabihf/libcofi_rpi.so
b6faa000-b6fb1000 ---p 00002000 b3:06 2997       /usr/lib/arm-linux-gnueabihf/libcofi_rpi.so
b6fb1000-b6fb2000 rw-p 00001000 b3:06 2997       /usr/lib/arm-linux-gnueabihf/libcofi_rpi.so
b6fb2000-b6fcf000 r-xp 00000000 b3:06 260810     /lib/arm-linux-gnueabihf/ld-2.13.so
b6fd0000-b6fd1000 rw-p 00000000 00:00 0 
b6fd1000-b6fd2000 r--p 00000000 b3:06 398707     /usr/share/locale/en_GB/LC_MESSAGES/libc.mo
b6fd2000-b6fd3000 r--p 00000000 00:00 0 
b6fd3000-b6fd7000 rw-p 00000000 00:00 0 
b6fd7000-b6fd8000 r--p 0001d000 b3:06 260810     /lib/arm-linux-gnueabihf/ld-2.13.so
b6fd8000-b6fd9000 rw-p 0001e000 b3:06 260810     /lib/arm-linux-gnueabihf/ld-2.13.so
be880000-be8a1000 rw-p 00000000 00:00 0          [stack]
be8bd000-be8be000 r-xp 00000000 00:00 0          [sigpage]
ffff0000-ffff1000 r-xp 00000000 00:00 0          [vectors]

VM Arguments:
jvm_args: -Djava.library.path=/usr/local/lib 
java_command: TestiButton
java_class_path (initial): /home/pi/Downloads/OneWireViewer-Linux/onewireapi_java/OneWireAPI.jar:/home/pi/Downloads/OneWireViewer-Linux/PDKAdapterUSB:/home/pi/javaclasses:.
Launcher Type: SUN_STANDARD

Environment Variables:
CLASSPATH=.:/home/pi/javaclasses:/home/pi/javaclasses/OneWireViewer-Linux/onewireapi_java/OneWireAPI.jar:/home/pi/javaclasses/RXTXcomm.jar:/home/pi/javaclasses/myclasses:/home/pi/javaclasses/rosas
PATH=.:/home/pi/bin:/home/pi/bin:/usr/local/sbin:/usr/local/bin:/usr/sbin:/usr/bin:/sbin:/bin:/usr/local/games:/usr/games
SHELL=/bin/bash
DISPLAY=:0.0

Signal Handlers:
SIGSEGV: [libjvm.so+0x4c7b40], sa_mask[0]=0x7ffbfeff, sa_flags=0x10000004
SIGBUS: [libjvm.so+0x4c7b40], sa_mask[0]=0x7ffbfeff, sa_flags=0x10000004
SIGFPE: [libjvm.so+0x3cc1ac], sa_mask[0]=0x7ffbfeff, sa_flags=0x10000004
SIGPIPE: [libjvm.so+0x3cc1ac], sa_mask[0]=0x7ffbfeff, sa_flags=0x10000004
SIGXFSZ: [libjvm.so+0x3cc1ac], sa_mask[0]=0x7ffbfeff, sa_flags=0x10000004
SIGILL: [libjvm.so+0x3cc1ac], sa_mask[0]=0x7ffbfeff, sa_flags=0x10000004
SIGUSR1: SIG_DFL, sa_mask[0]=0x00000000, sa_flags=0x00000000
SIGUSR2: [libjvm.so+0x3cc2dc], sa_mask[0]=0x00000000, sa_flags=0x10000004
SIGHUP: [libjvm.so+0x3cc710], sa_mask[0]=0x7ffbfeff, sa_flags=0x10000004
SIGINT: [libjvm.so+0x3cc710], sa_mask[0]=0x7ffbfeff, sa_flags=0x10000004
SIGTERM: [libjvm.so+0x3cc710], sa_mask[0]=0x7ffbfeff, sa_flags=0x10000004
SIGQUIT: [libjvm.so+0x3cc710], sa_mask[0]=0x7ffbfeff, sa_flags=0x10000004


---------------  S Y S T E M  ---------------

OS:PRETTY_NAME="Raspbian GNU/Linux 7 (wheezy)"
NAME="Raspbian GNU/Linux"
VERSION_ID="7"
VERSION="7 (wheezy)"
ID=raspbian
ID_LIKE=debian
ANSI_COLOR="1;31"
HOME_URL="http://www.raspbian.org/"
SUPPORT_URL="http://www.raspbian.org/RaspbianForums"
BUG_REPORT_URL="http://www.raspbian.org/RaspbianBugs"

uname:Linux 4.1.6+ #810 PREEMPT Tue Aug 18 15:19:58 BST 2015 armv6l
libc:glibc 2.13 NPTL 2.13 
rlimit: STACK 8192k, CORE 0k, NPROC 2902, NOFILE 4096, AS infinity
load average:0.53 0.27 0.18

/proc/meminfo:
MemTotal:         380088 kB
MemFree:           69980 kB
MemAvailable:     240068 kB
Buffers:           28848 kB
Cached:           159596 kB
SwapCached:            0 kB
Active:           188880 kB
Inactive:          92396 kB
Active(anon):      76624 kB
Inactive(anon):    17984 kB
Active(file):     112256 kB
Inactive(file):    74412 kB
Unevictable:           0 kB
Mlocked:               0 kB
SwapTotal:        102396 kB
SwapFree:         102396 kB
Dirty:               180 kB
Writeback:             0 kB
AnonPages:         92876 kB
Mapped:            59052 kB
Shmem:              1736 kB
Slab:              13368 kB
SReclaimable:       7800 kB
SUnreclaim:         5568 kB
KernelStack:        1768 kB
PageTables:         2256 kB
NFS_Unstable:          0 kB
Bounce:                0 kB
WritebackTmp:          0 kB
CommitLimit:      292440 kB
Committed_AS:     666064 kB
VmallocTotal:     630784 kB
VmallocUsed:        3272 kB
VmallocChunk:     386244 kB
CmaTotal:           8192 kB
CmaFree:            2680 kB


CPU:total 1 (ARMv6), vfp

/proc/cpuinfo:
processor	: 0
model name	: ARMv6-compatible processor rev 7 (v6l)
BogoMIPS	: 2.00
Features	: half thumb fastmult vfp edsp java tls 
CPU implementer	: 0x41
CPU architecture: 7
CPU variant	: 0x0
CPU part	: 0xb76
CPU revision	: 7

Hardware	: BCM2708
Revision	: 000e
Serial		: 00000000627d055e


Memory: 4k page, physical 380088k(69980k free), swap 102396k(102396k free)

vm_info: Java HotSpot(TM) Client VM (25.0-b70) for linux-arm-vfp-hflt JRE (1.8.0-b132), built on Mar  4 2014 06:39:31 by "java_re" with gcc 4.7.2 20120910 (prerelease)

time: Fri Jan 22 18:24:45 2016
elapsed time: 24480 seconds

